生成启动时间为 2019/6/28 21:26:14。
     1>项目“C:\Users\71839\Documents\Pat\1010\1010\1010.vcxproj”在节点 2 上(Build 个目标)。
     1>ClCompile:
         D:\Program Files (x86)\Microsoft Visual Studio 12.0\VC\bin\CL.exe /c /ZI /nologo /W3 /WX- /Od /Oy- /D WIN32 /D _DEBUG /D _CONSOLE /D _LIB /D _UNICODE /D UNICODE /Gm /EHsc /RTC1 /MDd /GS /fp:precise /Zc:wchar_t /Zc:forScope /Fo"Debug\\" /Fd"Debug\vc120.pdb" /Gd /TP /analyze- /errorReport:prompt 1010.cpp
         1010.cpp
     1>c:\users\71839\documents\pat\1010\1010\1010.cpp(7): error C2065: “llong”: 未声明的标识符
     1>c:\users\71839\documents\pat\1010\1010\1010.cpp(7): error C2144: 语法错误:“long”的前面应有“)”
     1>c:\users\71839\documents\pat\1010\1010\1010.cpp(7): error C2059: 语法错误:“)”
     1>c:\users\71839\documents\pat\1010\1010\1010.cpp(27): error C2146: 语法错误: 缺少“,”(在标识符“rax”的前面)
     1>c:\users\71839\documents\pat\1010\1010\1010.cpp(30): error C2065: “num”: 未声明的标识符
     1>c:\users\71839\documents\pat\1010\1010\1010.cpp(30): error C2228: “.length”的左边必须有类/结构/联合
                 类型是“unknown-type”
     1>已完成生成项目“C:\Users\71839\Documents\Pat\1010\1010\1010.vcxproj”(Build 个目标)的操作 - 失败。

生成失败。

已用时间 00:00:00.35
